{"/Users/tredon/Documents/FrontEndMern/src/App.jsx": {"path":"/Users/tredon/Documents/FrontEndMern/src/App.jsx","statementMap":{"0":{"start":{"line":12,"column":2},"end":{"line":23,"column":3}}},"fnMap":{"0":{"name":"App","decl":{"start":{"line":11,"column":9},"end":{"line":11,"column":12}},"loc":{"start":{"line":11,"column":15},"end":{"line":24,"column":1}},"line":11}},"branchMap":{},"s":{"0":1},"f":{"0":1},"b":{},"_coverageSchema":"1a1c01bbd47fc00a2c39e90264f33305004495a9","hash":"9946f24be376ef694baea47c636c33b1045cb47f"}
,"/Users/tredon/Documents/FrontEndMern/src/store.js": {"path":"/Users/tredon/Documents/FrontEndMern/src/store.js","statementMap":{"0":{"start":{"line":5,"column":21},"end":{"line":5,"column":23}},"1":{"start":{"line":7,"column":19},"end":{"line":7,"column":26}},"2":{"start":{"line":9,"column":14},"end":{"line":11,"column":2}}},"fnMap":{},"branchMap":{},"s":{"0":1,"1":1,"2":1},"f":{},"b":{},"_coverageSchema":"1a1c01bbd47fc00a2c39e90264f33305004495a9","hash":"29e9d1dfc84f18e14e5909149e8cba1fac81fdc2"}
,"/Users/tredon/Documents/FrontEndMern/src/components/AppNavbar.jsx": {"path":"/Users/tredon/Documents/FrontEndMern/src/components/AppNavbar.jsx","statementMap":{"0":{"start":{"line":23,"column":18},"end":{"line":92,"column":1}},"1":{"start":{"line":24,"column":30},"end":{"line":24,"column":45}},"2":{"start":{"line":25,"column":34},"end":{"line":25,"column":49}},"3":{"start":{"line":26,"column":26},"end":{"line":26,"column":76}},"4":{"start":{"line":26,"column":49},"end":{"line":26,"column":75}},"5":{"start":{"line":27,"column":19},"end":{"line":27,"column":63}},"6":{"start":{"line":27,"column":42},"end":{"line":27,"column":62}},"7":{"start":{"line":28,"column":20},"end":{"line":28,"column":60}},"8":{"start":{"line":28,"column":43},"end":{"line":28,"column":59}},"9":{"start":{"line":29,"column":20},"end":{"line":29,"column":67}},"10":{"start":{"line":29,"column":43},"end":{"line":29,"column":66}},"11":{"start":{"line":31,"column":18},"end":{"line":31,"column":30}},"12":{"start":{"line":33,"column":17},"end":{"line":33,"column":41}},"13":{"start":{"line":33,"column":23},"end":{"line":33,"column":41}},"14":{"start":{"line":35,"column":19},"end":{"line":35,"column":32}},"15":{"start":{"line":37,"column":17},"end":{"line":41,"column":25}},"16":{"start":{"line":38,"column":4},"end":{"line":38,"column":26}},"17":{"start":{"line":39,"column":4},"end":{"line":39,"column":30}},"18":{"start":{"line":40,"column":4},"end":{"line":40,"column":21}},"19":{"start":{"line":43,"column":2},"end":{"line":47,"column":31}},"20":{"start":{"line":44,"column":4},"end":{"line":46,"column":5}},"21":{"start":{"line":45,"column":6},"end":{"line":45,"column":14}},"22":{"start":{"line":49,"column":2},"end":{"line":55,"column":25}},"23":{"start":{"line":50,"column":4},"end":{"line":54,"column":5}},"24":{"start":{"line":51,"column":6},"end":{"line":53,"column":7}},"25":{"start":{"line":52,"column":8},"end":{"line":52,"column":16}},"26":{"start":{"line":57,"column":24},"end":{"line":57,"column":63}},"27":{"start":{"line":57,"column":30},"end":{"line":57,"column":63}},"28":{"start":{"line":59,"column":2},"end":{"line":91,"column":3}},"29":{"start":{"line":69,"column":31},"end":{"line":69,"column":53}},"30":{"start":{"line":82,"column":38},"end":{"line":82,"column":46}}},"fnMap":{"0":{"name":"(anonymous_0)","decl":{"start":{"line":23,"column":18},"end":{"line":23,"column":19}},"loc":{"start":{"line":23,"column":24},"end":{"line":92,"column":1}},"line":23},"1":{"name":"(anonymous_1)","decl":{"start":{"line":26,"column":38},"end":{"line":26,"column":39}},"loc":{"start":{"line":26,"column":49},"end":{"line":26,"column":75}},"line":26},"2":{"name":"(anonymous_2)","decl":{"start":{"line":27,"column":31},"end":{"line":27,"column":32}},"loc":{"start":{"line":27,"column":42},"end":{"line":27,"column":62}},"line":27},"3":{"name":"(anonymous_3)","decl":{"start":{"line":28,"column":32},"end":{"line":28,"column":33}},"loc":{"start":{"line":28,"column":43},"end":{"line":28,"column":59}},"line":28},"4":{"name":"(anonymous_4)","decl":{"start":{"line":29,"column":32},"end":{"line":29,"column":33}},"loc":{"start":{"line":29,"column":43},"end":{"line":29,"column":66}},"line":29},"5":{"name":"(anonymous_5)","decl":{"start":{"line":33,"column":17},"end":{"line":33,"column":18}},"loc":{"start":{"line":33,"column":23},"end":{"line":33,"column":41}},"line":33},"6":{"name":"(anonymous_6)","decl":{"start":{"line":37,"column":29},"end":{"line":37,"column":30}},"loc":{"start":{"line":37,"column":35},"end":{"line":41,"column":3}},"line":37},"7":{"name":"(anonymous_7)","decl":{"start":{"line":43,"column":12},"end":{"line":43,"column":13}},"loc":{"start":{"line":43,"column":18},"end":{"line":47,"column":3}},"line":43},"8":{"name":"(anonymous_8)","decl":{"start":{"line":49,"column":12},"end":{"line":49,"column":13}},"loc":{"start":{"line":49,"column":18},"end":{"line":55,"column":3}},"line":49},"9":{"name":"(anonymous_9)","decl":{"start":{"line":57,"column":24},"end":{"line":57,"column":25}},"loc":{"start":{"line":57,"column":30},"end":{"line":57,"column":63}},"line":57},"10":{"name":"(anonymous_10)","decl":{"start":{"line":69,"column":25},"end":{"line":69,"column":26}},"loc":{"start":{"line":69,"column":31},"end":{"line":69,"column":53}},"line":69},"11":{"name":"(anonymous_11)","decl":{"start":{"line":82,"column":30},"end":{"line":82,"column":31}},"loc":{"start":{"line":82,"column":36},"end":{"line":82,"column":48}},"line":82},"12":{"name":"(anonymous_12)","decl":{"start":{"line":89,"column":31},"end":{"line":89,"column":32}},"loc":{"start":{"line":89,"column":37},"end":{"line":89,"column":40}},"line":89}},"branchMap":{"0":{"loc":{"start":{"line":44,"column":4},"end":{"line":46,"column":5}},"type":"if","locations":[{"start":{"line":44,"column":4},"end":{"line":46,"column":5}},{"start":{"line":44,"column":4},"end":{"line":46,"column":5}}],"line":44},"1":{"loc":{"start":{"line":50,"column":4},"end":{"line":54,"column":5}},"type":"if","locations":[{"start":{"line":50,"column":4},"end":{"line":54,"column":5}},{"start":{"line":50,"column":4},"end":{"line":54,"column":5}}],"line":50},"2":{"loc":{"start":{"line":50,"column":8},"end":{"line":50,"column":47}},"type":"binary-expr","locations":[{"start":{"line":50,"column":8},"end":{"line":50,"column":27}},{"start":{"line":50,"column":31},"end":{"line":50,"column":47}}],"line":50},"3":{"loc":{"start":{"line":51,"column":6},"end":{"line":53,"column":7}},"type":"if","locations":[{"start":{"line":51,"column":6},"end":{"line":53,"column":7}},{"start":{"line":51,"column":6},"end":{"line":53,"column":7}}],"line":51},"4":{"loc":{"start":{"line":85,"column":13},"end":{"line":85,"column":49}},"type":"cond-expr","locations":[{"start":{"line":85,"column":24},"end":{"line":85,"column":39}},{"start":{"line":85,"column":42},"end":{"line":85,"column":49}}],"line":85}},"s":{"0":2,"1":2,"2":2,"3":2,"4":4,"5":2,"6":4,"7":2,"8":4,"9":2,"10":4,"11":2,"12":2,"13":0,"14":2,"15":2,"16":3,"17":3,"18":3,"19":2,"20":2,"21":2,"22":2,"23":2,"24":0,"25":0,"26":2,"27":0,"28":2,"29":0,"30":1},"f":{"0":2,"1":4,"2":4,"3":4,"4":4,"5":0,"6":3,"7":2,"8":2,"9":0,"10":0,"11":1,"12":2},"b":{"0":[2,0],"1":[0,2],"2":[2,0],"3":[0,0],"4":[0,2]},"_coverageSchema":"1a1c01bbd47fc00a2c39e90264f33305004495a9","hash":"f4195e130e709064b42c16bf0d8b520ccb512425"}
,"/Users/tredon/Documents/FrontEndMern/src/components/CartItems.jsx": {"path":"/Users/tredon/Documents/FrontEndMern/src/components/CartItems.jsx","statementMap":{"0":{"start":{"line":10,"column":18},"end":{"line":61,"column":1}},"1":{"start":{"line":11,"column":17},"end":{"line":11,"column":59}},"2":{"start":{"line":11,"column":40},"end":{"line":11,"column":58}},"3":{"start":{"line":13,"column":19},"end":{"line":13,"column":32}},"4":{"start":{"line":15,"column":21},"end":{"line":21,"column":3}},"5":{"start":{"line":16,"column":4},"end":{"line":16,"column":44}},"6":{"start":{"line":18,"column":4},"end":{"line":20,"column":11}},"7":{"start":{"line":19,"column":6},"end":{"line":19,"column":35}},"8":{"start":{"line":23,"column":2},"end":{"line":60,"column":3}},"9":{"start":{"line":26,"column":8},"end":{"line":57,"column":24}},"10":{"start":{"line":53,"column":33},"end":{"line":53,"column":59}}},"fnMap":{"0":{"name":"(anonymous_0)","decl":{"start":{"line":10,"column":18},"end":{"line":10,"column":19}},"loc":{"start":{"line":10,"column":38},"end":{"line":61,"column":1}},"line":10},"1":{"name":"(anonymous_1)","decl":{"start":{"line":11,"column":29},"end":{"line":11,"column":30}},"loc":{"start":{"line":11,"column":40},"end":{"line":11,"column":58}},"line":11},"2":{"name":"(anonymous_2)","decl":{"start":{"line":15,"column":21},"end":{"line":15,"column":22}},"loc":{"start":{"line":15,"column":38},"end":{"line":21,"column":3}},"line":15},"3":{"name":"(anonymous_3)","decl":{"start":{"line":18,"column":15},"end":{"line":18,"column":16}},"loc":{"start":{"line":18,"column":21},"end":{"line":20,"column":5}},"line":18},"4":{"name":"(anonymous_4)","decl":{"start":{"line":25,"column":18},"end":{"line":25,"column":19}},"loc":{"start":{"line":26,"column":8},"end":{"line":57,"column":24}},"line":26},"5":{"name":"(anonymous_5)","decl":{"start":{"line":53,"column":27},"end":{"line":53,"column":28}},"loc":{"start":{"line":53,"column":33},"end":{"line":53,"column":59}},"line":53}},"branchMap":{"0":{"loc":{"start":{"line":10,"column":21},"end":{"line":10,"column":31}},"type":"default-arg","locations":[{"start":{"line":10,"column":29},"end":{"line":10,"column":31}}],"line":10},"1":{"loc":{"start":{"line":15,"column":22},"end":{"line":15,"column":33}},"type":"default-arg","locations":[{"start":{"line":15,"column":31},"end":{"line":15,"column":33}}],"line":15}},"s":{"0":2,"1":0,"2":0,"3":0,"4":0,"5":0,"6":0,"7":0,"8":0,"9":0,"10":0},"f":{"0":0,"1":0,"2":0,"3":0,"4":0,"5":0},"b":{"0":[0],"1":[0]},"_coverageSchema":"1a1c01bbd47fc00a2c39e90264f33305004495a9","hash":"bd11ddf710aad59b04c296da6a23c1463c51f113"}
,"/Users/tredon/Documents/FrontEndMern/src/components/CartView.jsx": {"path":"/Users/tredon/Documents/FrontEndMern/src/components/CartView.jsx","statementMap":{"0":{"start":{"line":10,"column":17},"end":{"line":64,"column":1}},"1":{"start":{"line":11,"column":15},"end":{"line":11,"column":49}},"2":{"start":{"line":11,"column":38},"end":{"line":11,"column":48}},"3":{"start":{"line":12,"column":15},"end":{"line":12,"column":54}},"4":{"start":{"line":12,"column":38},"end":{"line":12,"column":53}},"5":{"start":{"line":14,"column":19},"end":{"line":14,"column":32}},"6":{"start":{"line":16,"column":2},"end":{"line":18,"column":25}},"7":{"start":{"line":17,"column":4},"end":{"line":17,"column":34}},"8":{"start":{"line":19,"column":2},"end":{"line":63,"column":3}}},"fnMap":{"0":{"name":"(anonymous_0)","decl":{"start":{"line":10,"column":17},"end":{"line":10,"column":18}},"loc":{"start":{"line":10,"column":36},"end":{"line":64,"column":1}},"line":10},"1":{"name":"(anonymous_1)","decl":{"start":{"line":11,"column":27},"end":{"line":11,"column":28}},"loc":{"start":{"line":11,"column":38},"end":{"line":11,"column":48}},"line":11},"2":{"name":"(anonymous_2)","decl":{"start":{"line":12,"column":27},"end":{"line":12,"column":28}},"loc":{"start":{"line":12,"column":38},"end":{"line":12,"column":53}},"line":12},"3":{"name":"(anonymous_3)","decl":{"start":{"line":16,"column":12},"end":{"line":16,"column":13}},"loc":{"start":{"line":16,"column":18},"end":{"line":18,"column":3}},"line":16}},"branchMap":{"0":{"loc":{"start":{"line":46,"column":13},"end":{"line":47,"column":48}},"type":"cond-expr","locations":[{"start":{"line":46,"column":31},"end":{"line":46,"column":58}},{"start":{"line":47,"column":16},"end":{"line":47,"column":48}}],"line":46}},"s":{"0":2,"1":0,"2":0,"3":0,"4":0,"5":0,"6":0,"7":0,"8":0},"f":{"0":0,"1":0,"2":0,"3":0},"b":{"0":[0,0]},"_coverageSchema":"1a1c01bbd47fc00a2c39e90264f33305004495a9","hash":"0b9e343e3f7ac98ec3042e80464f2ebff64002d7"}
,"/Users/tredon/Documents/FrontEndMern/src/components/ErrorModal.jsx": {"path":"/Users/tredon/Documents/FrontEndMern/src/components/ErrorModal.jsx","statementMap":{"0":{"start":{"line":8,"column":19},"end":{"line":38,"column":1}},"1":{"start":{"line":9,"column":36},"end":{"line":9,"column":51}},"2":{"start":{"line":10,"column":27},"end":{"line":10,"column":75}},"3":{"start":{"line":10,"column":50},"end":{"line":10,"column":74}},"4":{"start":{"line":11,"column":27},"end":{"line":11,"column":74}},"5":{"start":{"line":11,"column":50},"end":{"line":11,"column":73}},"6":{"start":{"line":12,"column":27},"end":{"line":12,"column":74}},"7":{"start":{"line":12,"column":50},"end":{"line":12,"column":73}},"8":{"start":{"line":14,"column":2},"end":{"line":17,"column":60}},"9":{"start":{"line":16,"column":4},"end":{"line":16,"column":130}},"10":{"start":{"line":19,"column":17},"end":{"line":21,"column":3}},"11":{"start":{"line":20,"column":4},"end":{"line":20,"column":28}},"12":{"start":{"line":23,"column":2},"end":{"line":37,"column":3}}},"fnMap":{"0":{"name":"(anonymous_0)","decl":{"start":{"line":8,"column":19},"end":{"line":8,"column":20}},"loc":{"start":{"line":8,"column":25},"end":{"line":38,"column":1}},"line":8},"1":{"name":"(anonymous_1)","decl":{"start":{"line":10,"column":39},"end":{"line":10,"column":40}},"loc":{"start":{"line":10,"column":50},"end":{"line":10,"column":74}},"line":10},"2":{"name":"(anonymous_2)","decl":{"start":{"line":11,"column":39},"end":{"line":11,"column":40}},"loc":{"start":{"line":11,"column":50},"end":{"line":11,"column":73}},"line":11},"3":{"name":"(anonymous_3)","decl":{"start":{"line":12,"column":39},"end":{"line":12,"column":40}},"loc":{"start":{"line":12,"column":50},"end":{"line":12,"column":73}},"line":12},"4":{"name":"(anonymous_4)","decl":{"start":{"line":14,"column":12},"end":{"line":14,"column":13}},"loc":{"start":{"line":14,"column":18},"end":{"line":17,"column":3}},"line":14},"5":{"name":"(anonymous_5)","decl":{"start":{"line":19,"column":17},"end":{"line":19,"column":18}},"loc":{"start":{"line":19,"column":23},"end":{"line":21,"column":3}},"line":19}},"branchMap":{"0":{"loc":{"start":{"line":16,"column":4},"end":{"line":16,"column":130}},"type":"cond-expr","locations":[{"start":{"line":16,"column":90},"end":{"line":16,"column":108}},{"start":{"line":16,"column":111},"end":{"line":16,"column":130}}],"line":16},"1":{"loc":{"start":{"line":16,"column":4},"end":{"line":16,"column":87}},"type":"binary-expr","locations":[{"start":{"line":16,"column":4},"end":{"line":16,"column":29}},{"start":{"line":16,"column":33},"end":{"line":16,"column":58}},{"start":{"line":16,"column":62},"end":{"line":16,"column":87}}],"line":16},"2":{"loc":{"start":{"line":25,"column":8},"end":{"line":35,"column":17}},"type":"cond-expr","locations":[{"start":{"line":27,"column":10},"end":{"line":33,"column":18}},{"start":{"line":35,"column":10},"end":{"line":35,"column":17}}],"line":25},"3":{"loc":{"start":{"line":30,"column":15},"end":{"line":30,"column":89}},"type":"cond-expr","locations":[{"start":{"line":30,"column":43},"end":{"line":30,"column":70}},{"start":{"line":30,"column":73},"end":{"line":30,"column":89}}],"line":30}},"s":{"0":3,"1":6,"2":6,"3":12,"4":6,"5":12,"6":6,"7":12,"8":6,"9":6,"10":6,"11":0,"12":6},"f":{"0":6,"1":12,"2":12,"3":12,"4":6,"5":0},"b":{"0":[0,6],"1":[6,6,6],"2":[0,6],"3":[0,0]},"_coverageSchema":"1a1c01bbd47fc00a2c39e90264f33305004495a9","hash":"f7ab0e9751da35a15e049f9323a57fd33cfad91d"}
,"/Users/tredon/Documents/FrontEndMern/src/components/ItemCard.jsx": {"path":"/Users/tredon/Documents/FrontEndMern/src/components/ItemCard.jsx","statementMap":{"0":{"start":{"line":11,"column":17},"end":{"line":82,"column":1}},"1":{"start":{"line":14,"column":34},"end":{"line":14,"column":45}},"2":{"start":{"line":15,"column":15},"end":{"line":15,"column":54}},"3":{"start":{"line":15,"column":38},"end":{"line":15,"column":53}},"4":{"start":{"line":16,"column":19},"end":{"line":16,"column":32}},"5":{"start":{"line":18,"column":19},"end":{"line":21,"column":3}},"6":{"start":{"line":20,"column":4},"end":{"line":20,"column":41}},"7":{"start":{"line":23,"column":27},"end":{"line":35,"column":3}},"8":{"start":{"line":24,"column":20},"end":{"line":29,"column":5}},"9":{"start":{"line":30,"column":4},"end":{"line":30,"column":41}},"10":{"start":{"line":31,"column":4},"end":{"line":34,"column":11}},"11":{"start":{"line":32,"column":6},"end":{"line":32,"column":20}},"12":{"start":{"line":33,"column":6},"end":{"line":33,"column":36}},"13":{"start":{"line":37,"column":2},"end":{"line":81,"column":3}}},"fnMap":{"0":{"name":"(anonymous_0)","decl":{"start":{"line":11,"column":17},"end":{"line":11,"column":18}},"loc":{"start":{"line":13,"column":6},"end":{"line":82,"column":1}},"line":13},"1":{"name":"(anonymous_1)","decl":{"start":{"line":15,"column":27},"end":{"line":15,"column":28}},"loc":{"start":{"line":15,"column":38},"end":{"line":15,"column":53}},"line":15},"2":{"name":"(anonymous_2)","decl":{"start":{"line":18,"column":19},"end":{"line":18,"column":20}},"loc":{"start":{"line":18,"column":26},"end":{"line":21,"column":3}},"line":18},"3":{"name":"(anonymous_3)","decl":{"start":{"line":23,"column":27},"end":{"line":23,"column":28}},"loc":{"start":{"line":23,"column":33},"end":{"line":35,"column":3}},"line":23},"4":{"name":"(anonymous_4)","decl":{"start":{"line":31,"column":15},"end":{"line":31,"column":16}},"loc":{"start":{"line":31,"column":21},"end":{"line":34,"column":5}},"line":31}},"branchMap":{"0":{"loc":{"start":{"line":12,"column":14},"end":{"line":12,"column":27}},"type":"default-arg","locations":[{"start":{"line":12,"column":21},"end":{"line":12,"column":27}}],"line":12},"1":{"loc":{"start":{"line":12,"column":29},"end":{"line":12,"column":38}},"type":"default-arg","locations":[{"start":{"line":12,"column":37},"end":{"line":12,"column":38}}],"line":12},"2":{"loc":{"start":{"line":12,"column":40},"end":{"line":12,"column":67}},"type":"default-arg","locations":[{"start":{"line":12,"column":54},"end":{"line":12,"column":67}}],"line":12}},"s":{"0":2,"1":0,"2":0,"3":0,"4":0,"5":0,"6":0,"7":0,"8":0,"9":0,"10":0,"11":0,"12":0,"13":0},"f":{"0":0,"1":0,"2":0,"3":0,"4":0},"b":{"0":[0],"1":[0],"2":[0]},"_coverageSchema":"1a1c01bbd47fc00a2c39e90264f33305004495a9","hash":"c279bc2f585cef0bfdbfd32b277a102d0025e026"}
,"/Users/tredon/Documents/FrontEndMern/src/components/ItemModal.jsx": {"path":"/Users/tredon/Documents/FrontEndMern/src/components/ItemModal.jsx","statementMap":{"0":{"start":{"line":10,"column":18},"end":{"line":75,"column":1}},"1":{"start":{"line":11,"column":36},"end":{"line":11,"column":51}},"2":{"start":{"line":12,"column":26},"end":{"line":12,"column":38}},"3":{"start":{"line":13,"column":28},"end":{"line":13,"column":39}},"4":{"start":{"line":15,"column":19},"end":{"line":15,"column":32}},"5":{"start":{"line":17,"column":19},"end":{"line":21,"column":3}},"6":{"start":{"line":20,"column":4},"end":{"line":20,"column":91}},"7":{"start":{"line":23,"column":19},"end":{"line":33,"column":3}},"8":{"start":{"line":24,"column":4},"end":{"line":24,"column":22}},"9":{"start":{"line":25,"column":20},"end":{"line":28,"column":5}},"10":{"start":{"line":30,"column":4},"end":{"line":30,"column":30}},"11":{"start":{"line":32,"column":4},"end":{"line":32,"column":28}},"12":{"start":{"line":35,"column":17},"end":{"line":37,"column":3}},"13":{"start":{"line":36,"column":4},"end":{"line":36,"column":28}},"14":{"start":{"line":39,"column":2},"end":{"line":74,"column":3}}},"fnMap":{"0":{"name":"(anonymous_0)","decl":{"start":{"line":10,"column":18},"end":{"line":10,"column":19}},"loc":{"start":{"line":10,"column":24},"end":{"line":75,"column":1}},"line":10},"1":{"name":"(anonymous_1)","decl":{"start":{"line":17,"column":19},"end":{"line":17,"column":20}},"loc":{"start":{"line":17,"column":26},"end":{"line":21,"column":3}},"line":17},"2":{"name":"(anonymous_2)","decl":{"start":{"line":23,"column":19},"end":{"line":23,"column":20}},"loc":{"start":{"line":23,"column":26},"end":{"line":33,"column":3}},"line":23},"3":{"name":"(anonymous_3)","decl":{"start":{"line":35,"column":17},"end":{"line":35,"column":18}},"loc":{"start":{"line":35,"column":23},"end":{"line":37,"column":3}},"line":35}},"branchMap":{"0":{"loc":{"start":{"line":20,"column":4},"end":{"line":20,"column":91}},"type":"cond-expr","locations":[{"start":{"line":20,"column":31},"end":{"line":20,"column":54}},{"start":{"line":20,"column":57},"end":{"line":20,"column":91}}],"line":20}},"s":{"0":2,"1":2,"2":2,"3":2,"4":2,"5":2,"6":0,"7":2,"8":0,"9":0,"10":0,"11":0,"12":2,"13":0,"14":2},"f":{"0":2,"1":0,"2":0,"3":0},"b":{"0":[0,0]},"_coverageSchema":"1a1c01bbd47fc00a2c39e90264f33305004495a9","hash":"5e0c4b7502401d765187e40d3278269285d049c6"}
,"/Users/tredon/Documents/FrontEndMern/src/components/ShoppingList.jsx": {"path":"/Users/tredon/Documents/FrontEndMern/src/components/ShoppingList.jsx","statementMap":{"0":{"start":{"line":16,"column":21},"end":{"line":85,"column":1}},"1":{"start":{"line":17,"column":36},"end":{"line":17,"column":51}},"2":{"start":{"line":19,"column":36},"end":{"line":19,"column":51}},"3":{"start":{"line":20,"column":44},"end":{"line":20,"column":55}},"4":{"start":{"line":21,"column":42},"end":{"line":21,"column":54}},"5":{"start":{"line":22,"column":38},"end":{"line":22,"column":50}},"6":{"start":{"line":24,"column":25},"end":{"line":24,"column":60}},"7":{"start":{"line":24,"column":48},"end":{"line":24,"column":59}},"8":{"start":{"line":26,"column":21},"end":{"line":26,"column":67}},"9":{"start":{"line":26,"column":44},"end":{"line":26,"column":66}},"10":{"start":{"line":28,"column":15},"end":{"line":28,"column":54}},"11":{"start":{"line":28,"column":38},"end":{"line":28,"column":53}},"12":{"start":{"line":30,"column":19},"end":{"line":30,"column":32}},"13":{"start":{"line":32,"column":2},"end":{"line":34,"column":16}},"14":{"start":{"line":33,"column":4},"end":{"line":33,"column":24}},"15":{"start":{"line":36,"column":2},"end":{"line":38,"column":25}},"16":{"start":{"line":37,"column":4},"end":{"line":37,"column":34}},"17":{"start":{"line":40,"column":21},"end":{"line":42,"column":3}},"18":{"start":{"line":41,"column":4},"end":{"line":41,"column":28}},"19":{"start":{"line":44,"column":21},"end":{"line":49,"column":3}},"20":{"start":{"line":45,"column":4},"end":{"line":45,"column":28}},"21":{"start":{"line":46,"column":4},"end":{"line":46,"column":21}},"22":{"start":{"line":47,"column":4},"end":{"line":47,"column":23}},"23":{"start":{"line":48,"column":4},"end":{"line":48,"column":17}},"24":{"start":{"line":51,"column":23},"end":{"line":53,"column":3}},"25":{"start":{"line":52,"column":4},"end":{"line":52,"column":28}},"26":{"start":{"line":55,"column":23},"end":{"line":57,"column":16}},"27":{"start":{"line":56,"column":4},"end":{"line":56,"column":24}},"28":{"start":{"line":58,"column":2},"end":{"line":84,"column":3}},"29":{"start":{"line":69,"column":14},"end":{"line":72,"column":17}},"30":{"start":{"line":70,"column":98},"end":{"line":70,"column":115}},"31":{"start":{"line":70,"column":133},"end":{"line":70,"column":167}}},"fnMap":{"0":{"name":"(anonymous_0)","decl":{"start":{"line":16,"column":21},"end":{"line":16,"column":22}},"loc":{"start":{"line":16,"column":27},"end":{"line":85,"column":1}},"line":16},"1":{"name":"(anonymous_1)","decl":{"start":{"line":24,"column":37},"end":{"line":24,"column":38}},"loc":{"start":{"line":24,"column":48},"end":{"line":24,"column":59}},"line":24},"2":{"name":"(anonymous_2)","decl":{"start":{"line":26,"column":33},"end":{"line":26,"column":34}},"loc":{"start":{"line":26,"column":44},"end":{"line":26,"column":66}},"line":26},"3":{"name":"(anonymous_3)","decl":{"start":{"line":28,"column":27},"end":{"line":28,"column":28}},"loc":{"start":{"line":28,"column":38},"end":{"line":28,"column":53}},"line":28},"4":{"name":"(anonymous_4)","decl":{"start":{"line":32,"column":12},"end":{"line":32,"column":13}},"loc":{"start":{"line":32,"column":18},"end":{"line":34,"column":3}},"line":32},"5":{"name":"(anonymous_5)","decl":{"start":{"line":36,"column":12},"end":{"line":36,"column":13}},"loc":{"start":{"line":36,"column":18},"end":{"line":38,"column":3}},"line":36},"6":{"name":"(anonymous_6)","decl":{"start":{"line":40,"column":21},"end":{"line":40,"column":22}},"loc":{"start":{"line":40,"column":29},"end":{"line":42,"column":3}},"line":40},"7":{"name":"(anonymous_7)","decl":{"start":{"line":44,"column":21},"end":{"line":44,"column":22}},"loc":{"start":{"line":44,"column":42},"end":{"line":49,"column":3}},"line":44},"8":{"name":"(anonymous_8)","decl":{"start":{"line":51,"column":23},"end":{"line":51,"column":24}},"loc":{"start":{"line":51,"column":29},"end":{"line":53,"column":3}},"line":51},"9":{"name":"(anonymous_9)","decl":{"start":{"line":55,"column":35},"end":{"line":55,"column":36}},"loc":{"start":{"line":55,"column":41},"end":{"line":57,"column":3}},"line":55},"10":{"name":"(anonymous_10)","decl":{"start":{"line":68,"column":24},"end":{"line":68,"column":25}},"loc":{"start":{"line":69,"column":14},"end":{"line":72,"column":17}},"line":69},"11":{"name":"(anonymous_11)","decl":{"start":{"line":70,"column":92},"end":{"line":70,"column":93}},"loc":{"start":{"line":70,"column":98},"end":{"line":70,"column":115}},"line":70},"12":{"name":"(anonymous_12)","decl":{"start":{"line":70,"column":127},"end":{"line":70,"column":128}},"loc":{"start":{"line":70,"column":133},"end":{"line":70,"column":167}},"line":70}},"branchMap":{"0":{"loc":{"start":{"line":24,"column":10},"end":{"line":24,"column":20}},"type":"default-arg","locations":[{"start":{"line":24,"column":18},"end":{"line":24,"column":20}}],"line":24},"1":{"loc":{"start":{"line":66,"column":11},"end":{"line":79,"column":13}},"type":"cond-expr","locations":[{"start":{"line":68,"column":14},"end":{"line":73,"column":14}},{"start":{"line":76,"column":14},"end":{"line":78,"column":26}}],"line":66}},"s":{"0":2,"1":2,"2":2,"3":2,"4":2,"5":2,"6":2,"7":4,"8":2,"9":4,"10":2,"11":4,"12":2,"13":2,"14":2,"15":2,"16":2,"17":2,"18":0,"19":2,"20":0,"21":0,"22":0,"23":0,"24":2,"25":0,"26":2,"27":2,"28":2,"29":0,"30":0,"31":0},"f":{"0":2,"1":4,"2":4,"3":4,"4":2,"5":2,"6":0,"7":0,"8":0,"9":2,"10":0,"11":0,"12":0},"b":{"0":[0],"1":[2,0]},"_coverageSchema":"1a1c01bbd47fc00a2c39e90264f33305004495a9","hash":"7375f1c55c67af0a4b660c16133021a9838238fb"}
,"/Users/tredon/Documents/FrontEndMern/src/components/SuccessModal.jsx": {"path":"/Users/tredon/Documents/FrontEndMern/src/components/SuccessModal.jsx","statementMap":{"0":{"start":{"line":7,"column":21},"end":{"line":33,"column":1}},"1":{"start":{"line":10,"column":2},"end":{"line":12,"column":17}},"2":{"start":{"line":11,"column":4},"end":{"line":11,"column":15}},"3":{"start":{"line":14,"column":17},"end":{"line":16,"column":3}},"4":{"start":{"line":15,"column":4},"end":{"line":15,"column":20}},"5":{"start":{"line":18,"column":2},"end":{"line":32,"column":3}}},"fnMap":{"0":{"name":"(anonymous_0)","decl":{"start":{"line":7,"column":21},"end":{"line":7,"column":22}},"loc":{"start":{"line":9,"column":6},"end":{"line":33,"column":1}},"line":9},"1":{"name":"(anonymous_1)","decl":{"start":{"line":10,"column":12},"end":{"line":10,"column":13}},"loc":{"start":{"line":10,"column":18},"end":{"line":12,"column":3}},"line":10},"2":{"name":"(anonymous_2)","decl":{"start":{"line":14,"column":17},"end":{"line":14,"column":18}},"loc":{"start":{"line":14,"column":23},"end":{"line":16,"column":3}},"line":14}},"branchMap":{"0":{"loc":{"start":{"line":20,"column":8},"end":{"line":30,"column":17}},"type":"cond-expr","locations":[{"start":{"line":22,"column":10},"end":{"line":28,"column":18}},{"start":{"line":30,"column":10},"end":{"line":30,"column":17}}],"line":20}},"s":{"0":3,"1":8,"2":8,"3":8,"4":0,"5":8},"f":{"0":8,"1":8,"2":0},"b":{"0":[0,8]},"_coverageSchema":"1a1c01bbd47fc00a2c39e90264f33305004495a9","hash":"d318fd32fbb4ac3de5e9feb95c425c092db97416"}
,"/Users/tredon/Documents/FrontEndMern/src/components/UpdateModal.jsx": {"path":"/Users/tredon/Documents/FrontEndMern/src/components/UpdateModal.jsx","statementMap":{"0":{"start":{"line":10,"column":20},"end":{"line":69,"column":1}},"1":{"start":{"line":13,"column":26},"end":{"line":13,"column":38}},"2":{"start":{"line":14,"column":28},"end":{"line":14,"column":39}},"3":{"start":{"line":16,"column":19},"end":{"line":16,"column":32}},"4":{"start":{"line":18,"column":19},"end":{"line":21,"column":3}},"5":{"start":{"line":20,"column":4},"end":{"line":20,"column":91}},"6":{"start":{"line":23,"column":19},"end":{"line":37,"column":3}},"7":{"start":{"line":24,"column":4},"end":{"line":24,"column":22}},"8":{"start":{"line":25,"column":20},"end":{"line":28,"column":5}},"9":{"start":{"line":30,"column":4},"end":{"line":30,"column":37}},"10":{"start":{"line":32,"column":4},"end":{"line":34,"column":12}},"11":{"start":{"line":33,"column":6},"end":{"line":33,"column":26}},"12":{"start":{"line":36,"column":4},"end":{"line":36,"column":15}},"13":{"start":{"line":39,"column":2},"end":{"line":68,"column":3}}},"fnMap":{"0":{"name":"(anonymous_0)","decl":{"start":{"line":10,"column":20},"end":{"line":10,"column":21}},"loc":{"start":{"line":12,"column":6},"end":{"line":69,"column":1}},"line":12},"1":{"name":"(anonymous_1)","decl":{"start":{"line":18,"column":19},"end":{"line":18,"column":20}},"loc":{"start":{"line":18,"column":26},"end":{"line":21,"column":3}},"line":18},"2":{"name":"(anonymous_2)","decl":{"start":{"line":23,"column":19},"end":{"line":23,"column":20}},"loc":{"start":{"line":23,"column":26},"end":{"line":37,"column":3}},"line":23},"3":{"name":"(anonymous_3)","decl":{"start":{"line":32,"column":15},"end":{"line":32,"column":16}},"loc":{"start":{"line":32,"column":21},"end":{"line":34,"column":5}},"line":32}},"branchMap":{"0":{"loc":{"start":{"line":11,"column":2},"end":{"line":11,"column":14}},"type":"default-arg","locations":[{"start":{"line":11,"column":9},"end":{"line":11,"column":14}}],"line":11},"1":{"loc":{"start":{"line":20,"column":4},"end":{"line":20,"column":91}},"type":"cond-expr","locations":[{"start":{"line":20,"column":31},"end":{"line":20,"column":54}},{"start":{"line":20,"column":57},"end":{"line":20,"column":91}}],"line":20}},"s":{"0":2,"1":2,"2":2,"3":2,"4":2,"5":0,"6":2,"7":0,"8":0,"9":0,"10":0,"11":0,"12":0,"13":2},"f":{"0":2,"1":0,"2":0,"3":0},"b":{"0":[0],"1":[0,0]},"_coverageSchema":"1a1c01bbd47fc00a2c39e90264f33305004495a9","hash":"032a6a524b1b272a5491c0515710456c5071de90"}
,"/Users/tredon/Documents/FrontEndMern/src/components/itemNotif.jsx": {"path":"/Users/tredon/Documents/FrontEndMern/src/components/itemNotif.jsx","statementMap":{"0":{"start":{"line":4,"column":18},"end":{"line":11,"column":1}},"1":{"start":{"line":5,"column":2},"end":{"line":10,"column":8}}},"fnMap":{"0":{"name":"(anonymous_0)","decl":{"start":{"line":4,"column":18},"end":{"line":4,"column":19}},"loc":{"start":{"line":5,"column":2},"end":{"line":10,"column":8}},"line":5}},"branchMap":{"0":{"loc":{"start":{"line":4,"column":21},"end":{"line":4,"column":35}},"type":"default-arg","locations":[{"start":{"line":4,"column":33},"end":{"line":4,"column":35}}],"line":4}},"s":{"0":2,"1":2},"f":{"0":2},"b":{"0":[0]},"_coverageSchema":"1a1c01bbd47fc00a2c39e90264f33305004495a9","hash":"acc6a8b3119a63c16b9263baf4b65ebd9d4fbc52"}
,"/Users/tredon/Documents/FrontEndMern/src/pages/LoginPage.jsx": {"path":"/Users/tredon/Documents/FrontEndMern/src/pages/LoginPage.jsx","statementMap":{"0":{"start":{"line":13,"column":18},"end":{"line":141,"column":1}},"1":{"start":{"line":14,"column":26},"end":{"line":14,"column":76}},"2":{"start":{"line":14,"column":49},"end":{"line":14,"column":75}},"3":{"start":{"line":15,"column":19},"end":{"line":15,"column":64}},"4":{"start":{"line":15,"column":42},"end":{"line":15,"column":63}},"5":{"start":{"line":16,"column":15},"end":{"line":16,"column":54}},"6":{"start":{"line":16,"column":38},"end":{"line":16,"column":53}},"7":{"start":{"line":18,"column":30},"end":{"line":18,"column":45}},"8":{"start":{"line":19,"column":28},"end":{"line":19,"column":40}},"9":{"start":{"line":20,"column":34},"end":{"line":20,"column":45}},"10":{"start":{"line":22,"column":26},"end":{"line":22,"column":40}},"11":{"start":{"line":24,"column":19},"end":{"line":24,"column":32}},"12":{"start":{"line":25,"column":18},"end":{"line":25,"column":30}},"13":{"start":{"line":27,"column":21},"end":{"line":27,"column":34}},"14":{"start":{"line":29,"column":33},"end":{"line":32,"column":15}},"15":{"start":{"line":30,"column":4},"end":{"line":30,"column":20}},"16":{"start":{"line":31,"column":4},"end":{"line":31,"column":29}},"17":{"start":{"line":34,"column":2},"end":{"line":40,"column":54}},"18":{"start":{"line":35,"column":4},"end":{"line":39,"column":5}},"19":{"start":{"line":36,"column":6},"end":{"line":38,"column":14}},"20":{"start":{"line":37,"column":8},"end":{"line":37,"column":32}},"21":{"start":{"line":42,"column":23},"end":{"line":44,"column":14}},"22":{"start":{"line":43,"column":4},"end":{"line":43,"column":22}},"23":{"start":{"line":46,"column":22},"end":{"line":49,"column":20}},"24":{"start":{"line":47,"column":4},"end":{"line":47,"column":18}},"25":{"start":{"line":51,"column":2},"end":{"line":55,"column":44}},"26":{"start":{"line":52,"column":4},"end":{"line":54,"column":5}},"27":{"start":{"line":53,"column":6},"end":{"line":53,"column":32}},"28":{"start":{"line":53,"column":19},"end":{"line":53,"column":32}},"29":{"start":{"line":57,"column":19},"end":{"line":60,"column":3}},"30":{"start":{"line":59,"column":4},"end":{"line":59,"column":86}},"31":{"start":{"line":62,"column":19},"end":{"line":71,"column":3}},"32":{"start":{"line":63,"column":24},"end":{"line":66,"column":5}},"33":{"start":{"line":68,"column":4},"end":{"line":68,"column":36}},"34":{"start":{"line":70,"column":4},"end":{"line":70,"column":22}},"35":{"start":{"line":73,"column":2},"end":{"line":140,"column":3}}},"fnMap":{"0":{"name":"(anonymous_0)","decl":{"start":{"line":13,"column":18},"end":{"line":13,"column":19}},"loc":{"start":{"line":13,"column":24},"end":{"line":141,"column":1}},"line":13},"1":{"name":"(anonymous_1)","decl":{"start":{"line":14,"column":38},"end":{"line":14,"column":39}},"loc":{"start":{"line":14,"column":49},"end":{"line":14,"column":75}},"line":14},"2":{"name":"(anonymous_2)","decl":{"start":{"line":15,"column":31},"end":{"line":15,"column":32}},"loc":{"start":{"line":15,"column":42},"end":{"line":15,"column":63}},"line":15},"3":{"name":"(anonymous_3)","decl":{"start":{"line":16,"column":27},"end":{"line":16,"column":28}},"loc":{"start":{"line":16,"column":38},"end":{"line":16,"column":53}},"line":16},"4":{"name":"(anonymous_4)","decl":{"start":{"line":29,"column":45},"end":{"line":29,"column":46}},"loc":{"start":{"line":29,"column":51},"end":{"line":32,"column":3}},"line":29},"5":{"name":"(anonymous_5)","decl":{"start":{"line":34,"column":12},"end":{"line":34,"column":13}},"loc":{"start":{"line":34,"column":18},"end":{"line":40,"column":3}},"line":34},"6":{"name":"(anonymous_6)","decl":{"start":{"line":36,"column":17},"end":{"line":36,"column":18}},"loc":{"start":{"line":36,"column":23},"end":{"line":38,"column":7}},"line":36},"7":{"name":"(anonymous_7)","decl":{"start":{"line":42,"column":35},"end":{"line":42,"column":36}},"loc":{"start":{"line":42,"column":41},"end":{"line":44,"column":3}},"line":42},"8":{"name":"(anonymous_8)","decl":{"start":{"line":46,"column":34},"end":{"line":46,"column":35}},"loc":{"start":{"line":46,"column":40},"end":{"line":49,"column":3}},"line":46},"9":{"name":"(anonymous_9)","decl":{"start":{"line":51,"column":12},"end":{"line":51,"column":13}},"loc":{"start":{"line":51,"column":18},"end":{"line":55,"column":3}},"line":51},"10":{"name":"(anonymous_10)","decl":{"start":{"line":57,"column":19},"end":{"line":57,"column":20}},"loc":{"start":{"line":57,"column":26},"end":{"line":60,"column":3}},"line":57},"11":{"name":"(anonymous_11)","decl":{"start":{"line":62,"column":19},"end":{"line":62,"column":20}},"loc":{"start":{"line":62,"column":26},"end":{"line":71,"column":3}},"line":62},"12":{"name":"(anonymous_12)","decl":{"start":{"line":75,"column":70},"end":{"line":75,"column":71}},"loc":{"start":{"line":75,"column":76},"end":{"line":75,"column":79}},"line":75}},"branchMap":{"0":{"loc":{"start":{"line":35,"column":4},"end":{"line":39,"column":5}},"type":"if","locations":[{"start":{"line":35,"column":4},"end":{"line":39,"column":5}},{"start":{"line":35,"column":4},"end":{"line":39,"column":5}}],"line":35},"1":{"loc":{"start":{"line":52,"column":4},"end":{"line":54,"column":5}},"type":"if","locations":[{"start":{"line":52,"column":4},"end":{"line":54,"column":5}},{"start":{"line":52,"column":4},"end":{"line":54,"column":5}}],"line":52},"2":{"loc":{"start":{"line":53,"column":6},"end":{"line":53,"column":32}},"type":"if","locations":[{"start":{"line":53,"column":6},"end":{"line":53,"column":32}},{"start":{"line":53,"column":6},"end":{"line":53,"column":32}}],"line":53},"3":{"loc":{"start":{"line":59,"column":4},"end":{"line":59,"column":86}},"type":"cond-expr","locations":[{"start":{"line":59,"column":32},"end":{"line":59,"column":56}},{"start":{"line":59,"column":59},"end":{"line":59,"column":86}}],"line":59},"4":{"loc":{"start":{"line":122,"column":21},"end":{"line":122,"column":56}},"type":"cond-expr","locations":[{"start":{"line":122,"column":33},"end":{"line":122,"column":41}},{"start":{"line":122,"column":44},"end":{"line":122,"column":56}}],"line":122},"5":{"loc":{"start":{"line":124,"column":21},"end":{"line":130,"column":28}},"type":"cond-expr","locations":[{"start":{"line":125,"column":22},"end":{"line":129,"column":24}},{"start":{"line":130,"column":24},"end":{"line":130,"column":28}}],"line":124}},"s":{"0":2,"1":4,"2":8,"3":4,"4":8,"5":4,"6":8,"7":4,"8":4,"9":4,"10":4,"11":4,"12":4,"13":4,"14":4,"15":0,"16":0,"17":4,"18":4,"19":0,"20":0,"21":4,"22":0,"23":4,"24":0,"25":4,"26":4,"27":0,"28":0,"29":4,"30":0,"31":4,"32":1,"33":1,"34":1,"35":4},"f":{"0":4,"1":8,"2":8,"3":8,"4":0,"5":4,"6":0,"7":0,"8":0,"9":4,"10":0,"11":1,"12":4},"b":{"0":[0,4],"1":[0,4],"2":[0,0],"3":[0,0],"4":[4,0],"5":[0,4]},"_coverageSchema":"1a1c01bbd47fc00a2c39e90264f33305004495a9","hash":"c6d1bd5e25a95a714a705fb1e4d1f20221927502"}
,"/Users/tredon/Documents/FrontEndMern/src/pages/ShoppingPage.jsx": {"path":"/Users/tredon/Documents/FrontEndMern/src/pages/ShoppingPage.jsx","statementMap":{"0":{"start":{"line":8,"column":21},"end":{"line":17,"column":1}},"1":{"start":{"line":9,"column":2},"end":{"line":15,"column":8}}},"fnMap":{"0":{"name":"(anonymous_0)","decl":{"start":{"line":8,"column":21},"end":{"line":8,"column":22}},"loc":{"start":{"line":9,"column":2},"end":{"line":15,"column":8}},"line":9}},"branchMap":{},"s":{"0":2,"1":2},"f":{"0":2},"b":{},"_coverageSchema":"1a1c01bbd47fc00a2c39e90264f33305004495a9","hash":"6764c158bb3879b727164f6e67a55b4de69d612a"}
,"/Users/tredon/Documents/FrontEndMern/src/redux/actions/UserActions.js": {"path":"/Users/tredon/Documents/FrontEndMern/src/redux/actions/UserActions.js","statementMap":{"0":{"start":{"line":4,"column":25},"end":{"line":7,"column":1}},"1":{"start":{"line":5,"column":2},"end":{"line":5,"column":34}},"2":{"start":{"line":6,"column":2},"end":{"line":6,"column":82}},"3":{"start":{"line":9,"column":35},"end":{"line":14,"column":2}},"4":{"start":{"line":9,"column":46},"end":{"line":14,"column":1}},"5":{"start":{"line":16,"column":28},"end":{"line":16,"column":65}},"6":{"start":{"line":16,"column":35},"end":{"line":16,"column":64}},"7":{"start":{"line":18,"column":32},"end":{"line":21,"column":1}},"8":{"start":{"line":19,"column":2},"end":{"line":19,"column":43}},"9":{"start":{"line":20,"column":2},"end":{"line":20,"column":45}},"10":{"start":{"line":24,"column":31},"end":{"line":41,"column":1}},"11":{"start":{"line":26,"column":16},"end":{"line":26,"column":45}},"12":{"start":{"line":29,"column":17},"end":{"line":33,"column":3}},"13":{"start":{"line":36,"column":2},"end":{"line":38,"column":3}},"14":{"start":{"line":37,"column":4},"end":{"line":37,"column":40}},"15":{"start":{"line":40,"column":2},"end":{"line":40,"column":15}},"16":{"start":{"line":43,"column":26},"end":{"line":43,"column":80}},"17":{"start":{"line":43,"column":37},"end":{"line":43,"column":79}},"18":{"start":{"line":45,"column":28},"end":{"line":54,"column":1}},"19":{"start":{"line":45,"column":42},"end":{"line":54,"column":1}},"20":{"start":{"line":46,"column":2},"end":{"line":46,"column":26}},"21":{"start":{"line":47,"column":2},"end":{"line":52,"column":45}},"22":{"start":{"line":50,"column":6},"end":{"line":50,"column":45}},"23":{"start":{"line":52,"column":20},"end":{"line":52,"column":44}},"24":{"start":{"line":53,"column":2},"end":{"line":53,"column":38}},"25":{"start":{"line":55,"column":25},"end":{"line":63,"column":1}},"26":{"start":{"line":55,"column":42},"end":{"line":63,"column":1}},"27":{"start":{"line":56,"column":2},"end":{"line":56,"column":26}},"28":{"start":{"line":57,"column":2},"end":{"line":62,"column":45}},"29":{"start":{"line":60,"column":6},"end":{"line":60,"column":42}},"30":{"start":{"line":62,"column":20},"end":{"line":62,"column":44}},"31":{"start":{"line":65,"column":24},"end":{"line":73,"column":1}},"32":{"start":{"line":65,"column":30},"end":{"line":73,"column":1}},"33":{"start":{"line":66,"column":2},"end":{"line":66,"column":26}},"34":{"start":{"line":67,"column":2},"end":{"line":72,"column":45}},"35":{"start":{"line":70,"column":6},"end":{"line":70,"column":37}},"36":{"start":{"line":72,"column":20},"end":{"line":72,"column":44}},"37":{"start":{"line":75,"column":26},"end":{"line":79,"column":2}},"38":{"start":{"line":75,"column":33},"end":{"line":79,"column":1}}},"fnMap":{"0":{"name":"(anonymous_0)","decl":{"start":{"line":4,"column":25},"end":{"line":4,"column":26}},"loc":{"start":{"line":4,"column":36},"end":{"line":7,"column":1}},"line":4},"1":{"name":"(anonymous_1)","decl":{"start":{"line":9,"column":35},"end":{"line":9,"column":36}},"loc":{"start":{"line":9,"column":46},"end":{"line":14,"column":1}},"line":9},"2":{"name":"(anonymous_2)","decl":{"start":{"line":16,"column":28},"end":{"line":16,"column":29}},"loc":{"start":{"line":16,"column":35},"end":{"line":16,"column":64}},"line":16},"3":{"name":"(anonymous_3)","decl":{"start":{"line":18,"column":32},"end":{"line":18,"column":33}},"loc":{"start":{"line":18,"column":42},"end":{"line":21,"column":1}},"line":18},"4":{"name":"(anonymous_4)","decl":{"start":{"line":24,"column":31},"end":{"line":24,"column":32}},"loc":{"start":{"line":24,"column":45},"end":{"line":41,"column":1}},"line":24},"5":{"name":"(anonymous_5)","decl":{"start":{"line":43,"column":26},"end":{"line":43,"column":27}},"loc":{"start":{"line":43,"column":37},"end":{"line":43,"column":79}},"line":43},"6":{"name":"(anonymous_6)","decl":{"start":{"line":45,"column":28},"end":{"line":45,"column":29}},"loc":{"start":{"line":45,"column":42},"end":{"line":54,"column":1}},"line":45},"7":{"name":"(anonymous_7)","decl":{"start":{"line":45,"column":42},"end":{"line":45,"column":43}},"loc":{"start":{"line":45,"column":56},"end":{"line":54,"column":1}},"line":45},"8":{"name":"(anonymous_8)","decl":{"start":{"line":49,"column":10},"end":{"line":49,"column":11}},"loc":{"start":{"line":49,"column":19},"end":{"line":51,"column":5}},"line":49},"9":{"name":"(anonymous_9)","decl":{"start":{"line":52,"column":11},"end":{"line":52,"column":12}},"loc":{"start":{"line":52,"column":20},"end":{"line":52,"column":44}},"line":52},"10":{"name":"(anonymous_10)","decl":{"start":{"line":55,"column":25},"end":{"line":55,"column":26}},"loc":{"start":{"line":55,"column":42},"end":{"line":63,"column":1}},"line":55},"11":{"name":"(anonymous_11)","decl":{"start":{"line":55,"column":42},"end":{"line":55,"column":43}},"loc":{"start":{"line":55,"column":56},"end":{"line":63,"column":1}},"line":55},"12":{"name":"(anonymous_12)","decl":{"start":{"line":59,"column":10},"end":{"line":59,"column":11}},"loc":{"start":{"line":59,"column":19},"end":{"line":61,"column":5}},"line":59},"13":{"name":"(anonymous_13)","decl":{"start":{"line":62,"column":11},"end":{"line":62,"column":12}},"loc":{"start":{"line":62,"column":20},"end":{"line":62,"column":44}},"line":62},"14":{"name":"(anonymous_14)","decl":{"start":{"line":65,"column":24},"end":{"line":65,"column":25}},"loc":{"start":{"line":65,"column":30},"end":{"line":73,"column":1}},"line":65},"15":{"name":"(anonymous_15)","decl":{"start":{"line":65,"column":30},"end":{"line":65,"column":31}},"loc":{"start":{"line":65,"column":54},"end":{"line":73,"column":1}},"line":65},"16":{"name":"(anonymous_16)","decl":{"start":{"line":69,"column":10},"end":{"line":69,"column":11}},"loc":{"start":{"line":69,"column":20},"end":{"line":71,"column":5}},"line":69},"17":{"name":"(anonymous_17)","decl":{"start":{"line":72,"column":11},"end":{"line":72,"column":12}},"loc":{"start":{"line":72,"column":20},"end":{"line":72,"column":44}},"line":72},"18":{"name":"(anonymous_18)","decl":{"start":{"line":75,"column":26},"end":{"line":75,"column":27}},"loc":{"start":{"line":75,"column":33},"end":{"line":79,"column":1}},"line":75}},"branchMap":{"0":{"loc":{"start":{"line":36,"column":2},"end":{"line":38,"column":3}},"type":"if","locations":[{"start":{"line":36,"column":2},"end":{"line":38,"column":3}},{"start":{"line":36,"column":2},"end":{"line":38,"column":3}}],"line":36}},"s":{"0":3,"1":0,"2":0,"3":3,"4":0,"5":3,"6":0,"7":3,"8":0,"9":0,"10":3,"11":0,"12":0,"13":0,"14":0,"15":0,"16":3,"17":0,"18":3,"19":0,"20":0,"21":0,"22":0,"23":0,"24":0,"25":3,"26":1,"27":0,"28":0,"29":0,"30":0,"31":3,"32":0,"33":0,"34":0,"35":0,"36":0,"37":3,"38":3},"f":{"0":0,"1":0,"2":0,"3":0,"4":0,"5":0,"6":0,"7":0,"8":0,"9":0,"10":1,"11":0,"12":0,"13":0,"14":0,"15":0,"16":0,"17":0,"18":3},"b":{"0":[0,0]},"_coverageSchema":"1a1c01bbd47fc00a2c39e90264f33305004495a9","hash":"abf4cd07ac1ec4ac0d0ace3283efeb232b2ad106"}
,"/Users/tredon/Documents/FrontEndMern/src/redux/actions/cartActions.js": {"path":"/Users/tredon/Documents/FrontEndMern/src/redux/actions/cartActions.js","statementMap":{"0":{"start":{"line":6,"column":26},"end":{"line":6,"column":127}},"1":{"start":{"line":6,"column":42},"end":{"line":6,"column":126}},"2":{"start":{"line":8,"column":30},"end":{"line":8,"column":85}},"3":{"start":{"line":8,"column":37},"end":{"line":8,"column":84}},"4":{"start":{"line":10,"column":29},"end":{"line":10,"column":135}},"5":{"start":{"line":10,"column":45},"end":{"line":10,"column":134}},"6":{"start":{"line":12,"column":32},"end":{"line":12,"column":139}},"7":{"start":{"line":12,"column":48},"end":{"line":12,"column":138}},"8":{"start":{"line":14,"column":31},"end":{"line":14,"column":107}},"9":{"start":{"line":14,"column":43},"end":{"line":14,"column":106}},"10":{"start":{"line":16,"column":28},"end":{"line":16,"column":65}},"11":{"start":{"line":16,"column":35},"end":{"line":16,"column":64}},"12":{"start":{"line":18,"column":27},"end":{"line":24,"column":1}},"13":{"start":{"line":18,"column":44},"end":{"line":24,"column":1}},"14":{"start":{"line":19,"column":2},"end":{"line":19,"column":26}},"15":{"start":{"line":20,"column":2},"end":{"line":23,"column":51}},"16":{"start":{"line":22,"column":20},"end":{"line":22,"column":57}},"17":{"start":{"line":23,"column":20},"end":{"line":23,"column":50}},"18":{"start":{"line":26,"column":25},"end":{"line":32,"column":1}},"19":{"start":{"line":26,"column":60},"end":{"line":32,"column":1}},"20":{"start":{"line":27,"column":2},"end":{"line":27,"column":26}},"21":{"start":{"line":28,"column":2},"end":{"line":31,"column":51}},"22":{"start":{"line":30,"column":20},"end":{"line":30,"column":51}},"23":{"start":{"line":31,"column":20},"end":{"line":31,"column":50}},"24":{"start":{"line":34,"column":30},"end":{"line":49,"column":1}},"25":{"start":{"line":34,"column":60},"end":{"line":49,"column":1}},"26":{"start":{"line":35,"column":16},"end":{"line":35,"column":45}},"27":{"start":{"line":36,"column":17},"end":{"line":41,"column":3}},"28":{"start":{"line":42,"column":2},"end":{"line":42,"column":26}},"29":{"start":{"line":43,"column":2},"end":{"line":48,"column":51}},"30":{"start":{"line":46,"column":6},"end":{"line":46,"column":40}},"31":{"start":{"line":48,"column":20},"end":{"line":48,"column":50}}},"fnMap":{"0":{"name":"(anonymous_0)","decl":{"start":{"line":6,"column":26},"end":{"line":6,"column":27}},"loc":{"start":{"line":6,"column":42},"end":{"line":6,"column":126}},"line":6},"1":{"name":"(anonymous_1)","decl":{"start":{"line":8,"column":30},"end":{"line":8,"column":31}},"loc":{"start":{"line":8,"column":37},"end":{"line":8,"column":84}},"line":8},"2":{"name":"(anonymous_2)","decl":{"start":{"line":10,"column":29},"end":{"line":10,"column":30}},"loc":{"start":{"line":10,"column":45},"end":{"line":10,"column":134}},"line":10},"3":{"name":"(anonymous_3)","decl":{"start":{"line":12,"column":32},"end":{"line":12,"column":33}},"loc":{"start":{"line":12,"column":48},"end":{"line":12,"column":138}},"line":12},"4":{"name":"(anonymous_4)","decl":{"start":{"line":14,"column":31},"end":{"line":14,"column":32}},"loc":{"start":{"line":14,"column":43},"end":{"line":14,"column":106}},"line":14},"5":{"name":"(anonymous_5)","decl":{"start":{"line":16,"column":28},"end":{"line":16,"column":29}},"loc":{"start":{"line":16,"column":35},"end":{"line":16,"column":64}},"line":16},"6":{"name":"(anonymous_6)","decl":{"start":{"line":18,"column":27},"end":{"line":18,"column":28}},"loc":{"start":{"line":18,"column":44},"end":{"line":24,"column":1}},"line":18},"7":{"name":"(anonymous_7)","decl":{"start":{"line":18,"column":44},"end":{"line":18,"column":45}},"loc":{"start":{"line":18,"column":68},"end":{"line":24,"column":1}},"line":18},"8":{"name":"(anonymous_8)","decl":{"start":{"line":22,"column":10},"end":{"line":22,"column":11}},"loc":{"start":{"line":22,"column":20},"end":{"line":22,"column":57}},"line":22},"9":{"name":"(anonymous_9)","decl":{"start":{"line":23,"column":11},"end":{"line":23,"column":12}},"loc":{"start":{"line":23,"column":20},"end":{"line":23,"column":50}},"line":23},"10":{"name":"(anonymous_10)","decl":{"start":{"line":26,"column":25},"end":{"line":26,"column":26}},"loc":{"start":{"line":26,"column":60},"end":{"line":32,"column":1}},"line":26},"11":{"name":"(anonymous_11)","decl":{"start":{"line":26,"column":60},"end":{"line":26,"column":61}},"loc":{"start":{"line":26,"column":84},"end":{"line":32,"column":1}},"line":26},"12":{"name":"(anonymous_12)","decl":{"start":{"line":30,"column":10},"end":{"line":30,"column":11}},"loc":{"start":{"line":30,"column":20},"end":{"line":30,"column":51}},"line":30},"13":{"name":"(anonymous_13)","decl":{"start":{"line":31,"column":11},"end":{"line":31,"column":12}},"loc":{"start":{"line":31,"column":20},"end":{"line":31,"column":50}},"line":31},"14":{"name":"(anonymous_14)","decl":{"start":{"line":34,"column":30},"end":{"line":34,"column":31}},"loc":{"start":{"line":34,"column":60},"end":{"line":49,"column":1}},"line":34},"15":{"name":"(anonymous_15)","decl":{"start":{"line":34,"column":60},"end":{"line":34,"column":61}},"loc":{"start":{"line":34,"column":74},"end":{"line":49,"column":1}},"line":34},"16":{"name":"(anonymous_16)","decl":{"start":{"line":45,"column":10},"end":{"line":45,"column":11}},"loc":{"start":{"line":45,"column":20},"end":{"line":47,"column":5}},"line":45},"17":{"name":"(anonymous_17)","decl":{"start":{"line":48,"column":11},"end":{"line":48,"column":12}},"loc":{"start":{"line":48,"column":20},"end":{"line":48,"column":50}},"line":48}},"branchMap":{"0":{"loc":{"start":{"line":6,"column":27},"end":{"line":6,"column":36}},"type":"default-arg","locations":[{"start":{"line":6,"column":34},"end":{"line":6,"column":36}}],"line":6},"1":{"loc":{"start":{"line":10,"column":30},"end":{"line":10,"column":39}},"type":"default-arg","locations":[{"start":{"line":10,"column":37},"end":{"line":10,"column":39}}],"line":10},"2":{"loc":{"start":{"line":12,"column":33},"end":{"line":12,"column":42}},"type":"default-arg","locations":[{"start":{"line":12,"column":40},"end":{"line":12,"column":42}}],"line":12},"3":{"loc":{"start":{"line":18,"column":28},"end":{"line":18,"column":39}},"type":"default-arg","locations":[{"start":{"line":18,"column":37},"end":{"line":18,"column":39}}],"line":18},"4":{"loc":{"start":{"line":26,"column":26},"end":{"line":26,"column":37}},"type":"default-arg","locations":[{"start":{"line":26,"column":35},"end":{"line":26,"column":37}}],"line":26},"5":{"loc":{"start":{"line":26,"column":39},"end":{"line":26,"column":55}},"type":"default-arg","locations":[{"start":{"line":26,"column":53},"end":{"line":26,"column":55}}],"line":26},"6":{"loc":{"start":{"line":34,"column":31},"end":{"line":34,"column":42}},"type":"default-arg","locations":[{"start":{"line":34,"column":40},"end":{"line":34,"column":42}}],"line":34},"7":{"loc":{"start":{"line":34,"column":44},"end":{"line":34,"column":55}},"type":"default-arg","locations":[{"start":{"line":34,"column":53},"end":{"line":34,"column":55}}],"line":34}},"s":{"0":2,"1":0,"2":2,"3":3,"4":2,"5":0,"6":2,"7":0,"8":2,"9":0,"10":2,"11":0,"12":2,"13":2,"14":0,"15":0,"16":0,"17":0,"18":2,"19":0,"20":0,"21":0,"22":0,"23":0,"24":2,"25":0,"26":0,"27":0,"28":0,"29":0,"30":0,"31":0},"f":{"0":0,"1":3,"2":0,"3":0,"4":0,"5":0,"6":2,"7":0,"8":0,"9":0,"10":0,"11":0,"12":0,"13":0,"14":0,"15":0,"16":0,"17":0},"b":{"0":[0],"1":[0],"2":[0],"3":[2],"4":[0],"5":[0],"6":[0],"7":[0]},"_coverageSchema":"1a1c01bbd47fc00a2c39e90264f33305004495a9","hash":"524d1551cb1db42d3399ffd9caf9d0c845799936"}
,"/Users/tredon/Documents/FrontEndMern/src/redux/actions/itemActions.js": {"path":"/Users/tredon/Documents/FrontEndMern/src/redux/actions/itemActions.js","statementMap":{"0":{"start":{"line":7,"column":29},"end":{"line":7,"column":66}},"1":{"start":{"line":7,"column":36},"end":{"line":7,"column":65}},"2":{"start":{"line":9,"column":31},"end":{"line":9,"column":85}},"3":{"start":{"line":9,"column":38},"end":{"line":9,"column":84}},"4":{"start":{"line":11,"column":24},"end":{"line":18,"column":1}},"5":{"start":{"line":11,"column":30},"end":{"line":18,"column":1}},"6":{"start":{"line":12,"column":2},"end":{"line":12,"column":27}},"7":{"start":{"line":13,"column":2},"end":{"line":16,"column":110}},"8":{"start":{"line":15,"column":19},"end":{"line":15,"column":119}},"9":{"start":{"line":16,"column":20},"end":{"line":16,"column":109}},"10":{"start":{"line":17,"column":2},"end":{"line":17,"column":34}},"11":{"start":{"line":20,"column":23},"end":{"line":26,"column":1}},"12":{"start":{"line":20,"column":38},"end":{"line":26,"column":1}},"13":{"start":{"line":21,"column":2},"end":{"line":21,"column":27}},"14":{"start":{"line":22,"column":2},"end":{"line":25,"column":110}},"15":{"start":{"line":24,"column":19},"end":{"line":24,"column":72}},"16":{"start":{"line":25,"column":20},"end":{"line":25,"column":109}},"17":{"start":{"line":28,"column":26},"end":{"line":41,"column":1}},"18":{"start":{"line":28,"column":34},"end":{"line":41,"column":1}},"19":{"start":{"line":29,"column":2},"end":{"line":29,"column":27}},"20":{"start":{"line":30,"column":2},"end":{"line":38,"column":6}},"21":{"start":{"line":33,"column":6},"end":{"line":33,"column":112}},"22":{"start":{"line":37,"column":6},"end":{"line":37,"column":95}},"23":{"start":{"line":40,"column":2},"end":{"line":40,"column":49}},"24":{"start":{"line":43,"column":26},"end":{"line":53,"column":1}},"25":{"start":{"line":43,"column":52},"end":{"line":53,"column":1}},"26":{"start":{"line":44,"column":2},"end":{"line":44,"column":27}},"27":{"start":{"line":45,"column":2},"end":{"line":52,"column":6}},"28":{"start":{"line":48,"column":6},"end":{"line":48,"column":62}},"29":{"start":{"line":51,"column":6},"end":{"line":51,"column":95}}},"fnMap":{"0":{"name":"(anonymous_0)","decl":{"start":{"line":7,"column":29},"end":{"line":7,"column":30}},"loc":{"start":{"line":7,"column":36},"end":{"line":7,"column":65}},"line":7},"1":{"name":"(anonymous_1)","decl":{"start":{"line":9,"column":31},"end":{"line":9,"column":32}},"loc":{"start":{"line":9,"column":38},"end":{"line":9,"column":84}},"line":9},"2":{"name":"(anonymous_2)","decl":{"start":{"line":11,"column":24},"end":{"line":11,"column":25}},"loc":{"start":{"line":11,"column":30},"end":{"line":18,"column":1}},"line":11},"3":{"name":"(anonymous_3)","decl":{"start":{"line":11,"column":30},"end":{"line":11,"column":31}},"loc":{"start":{"line":11,"column":44},"end":{"line":18,"column":1}},"line":11},"4":{"name":"(anonymous_4)","decl":{"start":{"line":15,"column":10},"end":{"line":15,"column":11}},"loc":{"start":{"line":15,"column":19},"end":{"line":15,"column":119}},"line":15},"5":{"name":"(anonymous_5)","decl":{"start":{"line":16,"column":11},"end":{"line":16,"column":12}},"loc":{"start":{"line":16,"column":20},"end":{"line":16,"column":109}},"line":16},"6":{"name":"(anonymous_6)","decl":{"start":{"line":20,"column":23},"end":{"line":20,"column":24}},"loc":{"start":{"line":20,"column":38},"end":{"line":26,"column":1}},"line":20},"7":{"name":"(anonymous_7)","decl":{"start":{"line":20,"column":38},"end":{"line":20,"column":39}},"loc":{"start":{"line":20,"column":62},"end":{"line":26,"column":1}},"line":20},"8":{"name":"(anonymous_8)","decl":{"start":{"line":24,"column":10},"end":{"line":24,"column":11}},"loc":{"start":{"line":24,"column":19},"end":{"line":24,"column":72}},"line":24},"9":{"name":"(anonymous_9)","decl":{"start":{"line":25,"column":11},"end":{"line":25,"column":12}},"loc":{"start":{"line":25,"column":20},"end":{"line":25,"column":109}},"line":25},"10":{"name":"(anonymous_10)","decl":{"start":{"line":28,"column":26},"end":{"line":28,"column":27}},"loc":{"start":{"line":28,"column":34},"end":{"line":41,"column":1}},"line":28},"11":{"name":"(anonymous_11)","decl":{"start":{"line":28,"column":34},"end":{"line":28,"column":35}},"loc":{"start":{"line":28,"column":58},"end":{"line":41,"column":1}},"line":28},"12":{"name":"(anonymous_12)","decl":{"start":{"line":32,"column":10},"end":{"line":32,"column":11}},"loc":{"start":{"line":32,"column":19},"end":{"line":35,"column":5}},"line":32},"13":{"name":"(anonymous_13)","decl":{"start":{"line":36,"column":11},"end":{"line":36,"column":12}},"loc":{"start":{"line":36,"column":20},"end":{"line":38,"column":5}},"line":36},"14":{"name":"(anonymous_14)","decl":{"start":{"line":43,"column":26},"end":{"line":43,"column":27}},"loc":{"start":{"line":43,"column":52},"end":{"line":53,"column":1}},"line":43},"15":{"name":"(anonymous_15)","decl":{"start":{"line":43,"column":52},"end":{"line":43,"column":53}},"loc":{"start":{"line":43,"column":76},"end":{"line":53,"column":1}},"line":43},"16":{"name":"(anonymous_16)","decl":{"start":{"line":47,"column":10},"end":{"line":47,"column":11}},"loc":{"start":{"line":47,"column":19},"end":{"line":49,"column":5}},"line":47},"17":{"name":"(anonymous_17)","decl":{"start":{"line":50,"column":11},"end":{"line":50,"column":12}},"loc":{"start":{"line":50,"column":20},"end":{"line":52,"column":5}},"line":50}},"branchMap":{"0":{"loc":{"start":{"line":20,"column":24},"end":{"line":20,"column":33}},"type":"default-arg","locations":[{"start":{"line":20,"column":31},"end":{"line":20,"column":33}}],"line":20},"1":{"loc":{"start":{"line":43,"column":31},"end":{"line":43,"column":47}},"type":"default-arg","locations":[{"start":{"line":43,"column":45},"end":{"line":43,"column":47}}],"line":43}},"s":{"0":2,"1":0,"2":2,"3":0,"4":2,"5":4,"6":0,"7":0,"8":0,"9":0,"10":0,"11":2,"12":0,"13":0,"14":0,"15":0,"16":0,"17":2,"18":0,"19":0,"20":0,"21":0,"22":0,"23":0,"24":2,"25":0,"26":0,"27":0,"28":0,"29":0},"f":{"0":0,"1":0,"2":4,"3":0,"4":0,"5":0,"6":0,"7":0,"8":0,"9":0,"10":0,"11":0,"12":0,"13":0,"14":0,"15":0,"16":0,"17":0},"b":{"0":[0],"1":[0]},"_coverageSchema":"1a1c01bbd47fc00a2c39e90264f33305004495a9","hash":"216e637e159c5da36ebe68e54bea6fab6038c4ee"}
,"/Users/tredon/Documents/FrontEndMern/src/redux/actions/types.js": {"path":"/Users/tredon/Documents/FrontEndMern/src/redux/actions/types.js","statementMap":{"0":{"start":{"line":1,"column":14},"end":{"line":24,"column":1}}},"fnMap":{},"branchMap":{},"s":{"0":3},"f":{},"b":{},"_coverageSchema":"1a1c01bbd47fc00a2c39e90264f33305004495a9","hash":"e4f36d6d4c5d581fbfa9ec4f9f8479cbe702af66"}
,"/Users/tredon/Documents/FrontEndMern/src/redux/reducers/cartReducer.js": {"path":"/Users/tredon/Documents/FrontEndMern/src/redux/reducers/cartReducer.js","statementMap":{"0":{"start":{"line":3,"column":32},"end":{"line":9,"column":1}},"1":{"start":{"line":12,"column":2},"end":{"line":65,"column":3}},"2":{"start":{"line":14,"column":6},"end":{"line":18,"column":7}},"3":{"start":{"line":20,"column":6},"end":{"line":27,"column":7}},"4":{"start":{"line":29,"column":6},"end":{"line":36,"column":7}},"5":{"start":{"line":38,"column":6},"end":{"line":45,"column":7}},"6":{"start":{"line":47,"column":6},"end":{"line":54,"column":7}},"7":{"start":{"line":56,"column":6},"end":{"line":63,"column":7}},"8":{"start":{"line":64,"column":13},"end":{"line":64,"column":25}}},"fnMap":{"0":{"name":"(anonymous_0)","decl":{"start":{"line":11,"column":15},"end":{"line":11,"column":16}},"loc":{"start":{"line":11,"column":59},"end":{"line":66,"column":1}},"line":11}},"branchMap":{"0":{"loc":{"start":{"line":11,"column":25},"end":{"line":11,"column":49}},"type":"default-arg","locations":[{"start":{"line":11,"column":33},"end":{"line":11,"column":49}}],"line":11},"1":{"loc":{"start":{"line":12,"column":2},"end":{"line":65,"column":3}},"type":"switch","locations":[{"start":{"line":13,"column":4},"end":{"line":18,"column":7}},{"start":{"line":19,"column":4},"end":{"line":27,"column":7}},{"start":{"line":28,"column":4},"end":{"line":36,"column":7}},{"start":{"line":37,"column":4},"end":{"line":45,"column":7}},{"start":{"line":46,"column":4},"end":{"line":54,"column":7}},{"start":{"line":55,"column":4},"end":{"line":63,"column":7}},{"start":{"line":64,"column":4},"end":{"line":64,"column":25}}],"line":12}},"s":{"0":3,"1":3,"2":0,"3":0,"4":0,"5":0,"6":0,"7":0,"8":3},"f":{"0":3},"b":{"0":[3],"1":[0,0,0,0,0,0,3]},"_coverageSchema":"1a1c01bbd47fc00a2c39e90264f33305004495a9","hash":"3bdf759fd8dba0d5ef2bf0dad1a43e28a734a1ca"}
,"/Users/tredon/Documents/FrontEndMern/src/redux/reducers/index.js": {"path":"/Users/tredon/Documents/FrontEndMern/src/redux/reducers/index.js","statementMap":{"0":{"start":{"line":7,"column":19},"end":{"line":11,"column":2}}},"fnMap":{},"branchMap":{},"s":{"0":1},"f":{},"b":{},"_coverageSchema":"1a1c01bbd47fc00a2c39e90264f33305004495a9","hash":"04935dfe6036e965524ed10e655126bc6ca9e4b1"}
,"/Users/tredon/Documents/FrontEndMern/src/redux/reducers/itemReducer.js": {"path":"/Users/tredon/Documents/FrontEndMern/src/redux/reducers/itemReducer.js","statementMap":{"0":{"start":{"line":3,"column":32},"end":{"line":11,"column":1}},"1":{"start":{"line":15,"column":2},"end":{"line":62,"column":3}},"2":{"start":{"line":17,"column":6},"end":{"line":21,"column":7}},"3":{"start":{"line":23,"column":6},"end":{"line":30,"column":7}},"4":{"start":{"line":32,"column":6},"end":{"line":37,"column":7}},"5":{"start":{"line":40,"column":6},"end":{"line":46,"column":7}},"6":{"start":{"line":43,"column":44},"end":{"line":43,"column":74}},"7":{"start":{"line":49,"column":6},"end":{"line":52,"column":7}},"8":{"start":{"line":54,"column":6},"end":{"line":60,"column":7}},"9":{"start":{"line":61,"column":13},"end":{"line":61,"column":25}}},"fnMap":{"0":{"name":"(anonymous_0)","decl":{"start":{"line":14,"column":15},"end":{"line":14,"column":16}},"loc":{"start":{"line":14,"column":59},"end":{"line":63,"column":1}},"line":14},"1":{"name":"(anonymous_1)","decl":{"start":{"line":43,"column":34},"end":{"line":43,"column":35}},"loc":{"start":{"line":43,"column":44},"end":{"line":43,"column":74}},"line":43}},"branchMap":{"0":{"loc":{"start":{"line":14,"column":25},"end":{"line":14,"column":49}},"type":"default-arg","locations":[{"start":{"line":14,"column":33},"end":{"line":14,"column":49}}],"line":14},"1":{"loc":{"start":{"line":15,"column":2},"end":{"line":62,"column":3}},"type":"switch","locations":[{"start":{"line":16,"column":4},"end":{"line":21,"column":7}},{"start":{"line":22,"column":4},"end":{"line":30,"column":7}},{"start":{"line":31,"column":4},"end":{"line":37,"column":7}},{"start":{"line":38,"column":4},"end":{"line":47,"column":5}},{"start":{"line":48,"column":4},"end":{"line":52,"column":7}},{"start":{"line":53,"column":4},"end":{"line":60,"column":7}},{"start":{"line":61,"column":4},"end":{"line":61,"column":25}}],"line":15}},"s":{"0":3,"1":3,"2":0,"3":0,"4":0,"5":0,"6":0,"7":0,"8":0,"9":3},"f":{"0":3,"1":0},"b":{"0":[3],"1":[0,0,0,0,0,0,3]},"_coverageSchema":"1a1c01bbd47fc00a2c39e90264f33305004495a9","hash":"060b722ebc48af252450310443bcea1b49b1abef"}
,"/Users/tredon/Documents/FrontEndMern/src/redux/reducers/userReducer.js": {"path":"/Users/tredon/Documents/FrontEndMern/src/redux/reducers/userReducer.js","statementMap":{"0":{"start":{"line":3,"column":32},"end":{"line":10,"column":1}},"1":{"start":{"line":14,"column":2},"end":{"line":62,"column":3}},"2":{"start":{"line":16,"column":6},"end":{"line":19,"column":7}},"3":{"start":{"line":21,"column":6},"end":{"line":28,"column":7}},"4":{"start":{"line":30,"column":6},"end":{"line":35,"column":7}},"5":{"start":{"line":37,"column":6},"end":{"line":43,"column":7}},"6":{"start":{"line":45,"column":6},"end":{"line":50,"column":7}},"7":{"start":{"line":52,"column":6},"end":{"line":59,"column":7}},"8":{"start":{"line":61,"column":13},"end":{"line":61,"column":25}}},"fnMap":{"0":{"name":"(anonymous_0)","decl":{"start":{"line":13,"column":15},"end":{"line":13,"column":16}},"loc":{"start":{"line":13,"column":59},"end":{"line":63,"column":1}},"line":13}},"branchMap":{"0":{"loc":{"start":{"line":13,"column":25},"end":{"line":13,"column":49}},"type":"default-arg","locations":[{"start":{"line":13,"column":33},"end":{"line":13,"column":49}}],"line":13},"1":{"loc":{"start":{"line":14,"column":2},"end":{"line":62,"column":3}},"type":"switch","locations":[{"start":{"line":15,"column":4},"end":{"line":19,"column":7}},{"start":{"line":20,"column":4},"end":{"line":28,"column":7}},{"start":{"line":29,"column":4},"end":{"line":35,"column":7}},{"start":{"line":36,"column":4},"end":{"line":43,"column":7}},{"start":{"line":44,"column":4},"end":{"line":50,"column":7}},{"start":{"line":51,"column":4},"end":{"line":59,"column":7}},{"start":{"line":61,"column":4},"end":{"line":61,"column":25}}],"line":14}},"s":{"0":3,"1":3,"2":0,"3":0,"4":0,"5":0,"6":0,"7":0,"8":3},"f":{"0":3},"b":{"0":[3],"1":[0,0,0,0,0,0,3]},"_coverageSchema":"1a1c01bbd47fc00a2c39e90264f33305004495a9","hash":"d14e595a5bc684444751ac62c6e635050f7b2432"}
,"/Users/tredon/Documents/FrontEndMern/utilities/testUtilityFunctions.jsx": {"path":"/Users/tredon/Documents/FrontEndMern/utilities/testUtilityFunctions.jsx","statementMap":{"0":{"start":{"line":8,"column":19},"end":{"line":8,"column":26}},"1":{"start":{"line":10,"column":31},"end":{"line":15,"column":1}},"2":{"start":{"line":11,"column":16},"end":{"line":13,"column":4}},"3":{"start":{"line":14,"column":2},"end":{"line":14,"column":14}},"4":{"start":{"line":17,"column":31},"end":{"line":22,"column":1}},"5":{"start":{"line":18,"column":20},"end":{"line":20,"column":4}},"6":{"start":{"line":21,"column":2},"end":{"line":21,"column":61}}},"fnMap":{"0":{"name":"(anonymous_0)","decl":{"start":{"line":10,"column":31},"end":{"line":10,"column":32}},"loc":{"start":{"line":10,"column":53},"end":{"line":15,"column":1}},"line":10},"1":{"name":"(anonymous_1)","decl":{"start":{"line":17,"column":31},"end":{"line":17,"column":32}},"loc":{"start":{"line":17,"column":70},"end":{"line":22,"column":1}},"line":17}},"branchMap":{},"s":{"0":2,"1":2,"2":0,"3":0,"4":2,"5":5,"6":5},"f":{"0":0,"1":5},"b":{},"_coverageSchema":"1a1c01bbd47fc00a2c39e90264f33305004495a9","hash":"3e4819165a52a95de6f11d8cde4e1eced96dd3fb"}
}
